Using pre-set license

 COMMAND LINE ARGUMENTS:
/Applications/2020.2.4f1/Unity.app/Contents/MacOS/Unity
-adb2
-batchMode
-noUpm
-name
AssetImportWorker0
-projectPath
/Users/aapbd/Documents/Sristy/Practice/MC2Dgit/MissileCommand2D
-logFile
Logs/AssetImportWorker0.log
-srvPort
49234
Successfully changed project path to: /Users/aapbd/Documents/Sristy/Practice/MC2Dgit/MissileCommand2D
/Users/aapbd/Documents/Sristy/Practice/MC2Dgit/MissileCommand2D
Using Asset Import Pipeline V2.
Refreshing native plugins compatible for Editor in 57.05 ms, found 2 plugins.
Preloading 0 native plugins for Editor in 0.00 ms.
Initialize engine version: 2020.2.4f1 (becced5a802b)
[Subsystems] Discovering subsystems at path /Applications/2020.2.4f1/Unity.app/Contents/Resources/UnitySubsystems
[Subsystems] Discovering subsystems at path /Users/aapbd/Documents/Sristy/Practice/MC2Dgit/MissileCommand2D/Assets
GfxDevice: creating device client; threaded=0
2021-02-22 10:53:33.684 Unity[864:11448] HP 22er preferred device: Intel Iris Graphics (low power)
2021-02-22 10:53:33.684 Unity[864:11448] Metal devices available: 1
2021-02-22 10:53:33.685 Unity[864:11448] 0: Intel Iris Graphics (low power)
2021-02-22 10:53:33.685 Unity[864:11448] Using device Intel Iris Graphics (low power)
Initializing Metal device caps: Intel Iris Graphics
Initialize mono
Mono path[0] = '/Applications/2020.2.4f1/Unity.app/Contents/Managed'
Mono path[1] = '/Applications/2020.2.4f1/Unity.app/Contents/MonoBleedingEdge/lib/mono/unityjit'
Mono config path = '/Applications/2020.2.4f1/Unity.app/Contents/MonoBleedingEdge/etc'
Using monoOptions --debugger-agent=transport=dt_socket,embedding=1,server=y,suspend=n,address=127.0.0.1:56864
Begin MonoManager ReloadAssembly
Registering precompiled unity dll's ...
Register platform support module: /Applications/2020.2.4f1/Unity.app/Contents/PlaybackEngines/MacStandaloneSupport/UnityEditor.OSXStandalone.Extensions.dll
Registered in 0.000749 seconds.
Native extension for OSXStandalone target not found
Refreshing native plugins compatible for Editor in 43.33 ms, found 2 plugins.
Preloading 0 native plugins for Editor in 0.00 ms.
Invoked RoslynAnalysisRunner static constructor.
RoslynAnalysisRunner will not be running.
RoslynAnalysisRunner has terminated.
Mono: successfully reloaded assembly
- Completed reload, in  3.146 seconds
Platform modules already initialized, skipping
Registering precompiled user dll's ...
Registered in 0.000681 seconds.
Begin MonoManager ReloadAssembly
Native extension for OSXStandalone target not found
Refreshing native plugins compatible for Editor in 43.50 ms, found 2 plugins.
Preloading 0 native plugins for Editor in 0.00 ms.
Invoked RoslynAnalysisRunner static constructor.
RoslynAnalysisRunner will not be running.
RoslynAnalysisRunner has terminated.
Mono: successfully reloaded assembly
- Completed reload, in  1.279 seconds
Platform modules already initialized, skipping
========================================================================
Worker process is ready to serve import requests
Launching external process: /Applications/2020.2.4f1/Unity.app/Contents/Tools/UnityShaderCompiler
Launched and connected shader compiler UnityShaderCompiler after 0.01 seconds
Refreshing native plugins compatible for Editor in 0.40 ms, found 2 plugins.
Preloading 0 native plugins for Editor in 0.00 ms.
Unloading 1807 Unused Serialized files (Serialized files now loaded: 0)
System memory in use before: 145.0 MB.
System memory in use after: 145.0 MB.

Unloading 24 unused Assets to reduce memory usage. Loaded Objects now: 2247.
Total: 3.443865 ms (FindLiveObjects: 0.436362 ms CreateObjectMapping: 0.227274 ms MarkObjects: 2.622902 ms  DeleteObjects: 0.155752 ms)

========================================================================
Received Import Request.
  path: Assets/Scenes/Game.unity
  artifactKey: Guid(eee3a2420937b4c11848ce9d63f364fc) Importer(815301076,1909f56bfc062723c751e8b465ee728b)
Start importing Assets/Scenes/Game.unity using Guid(eee3a2420937b4c11848ce9d63f364fc) Importer(815301076,1909f56bfc062723c751e8b465ee728b)  -> (artifact id: '2661aa5845eb249c800d95df91cef47a') in 0.014212 seconds
  Import took 0.018333 seconds .

========================================================================
Received Import Request.
  Time since last request: 0.001795 seconds.
  path: Assets/Scripts/ScoreManager.cs
  artifactKey: Guid(6f34a2c9e0b054ec4a9f83d8de20180b) Importer(815301076,1909f56bfc062723c751e8b465ee728b)
Start importing Assets/Scripts/ScoreManager.cs using Guid(6f34a2c9e0b054ec4a9f83d8de20180b) Importer(815301076,1909f56bfc062723c751e8b465ee728b)  -> (artifact id: '7cd8a802c426876133beb8b0ab5f7539') in 0.461534 seconds
  Import took 0.464938 seconds .

========================================================================
Received Import Request.
  Time since last request: 0.024859 seconds.
  path: Assets/Scripts/Missiles/EnemyMissile.cs
  artifactKey: Guid(a7b9ad3f970f84aa89df05bd191fdc17) Importer(815301076,1909f56bfc062723c751e8b465ee728b)
Start importing Assets/Scripts/Missiles/EnemyMissile.cs using Guid(a7b9ad3f970f84aa89df05bd191fdc17) Importer(815301076,1909f56bfc062723c751e8b465ee728b)  -> (artifact id: '587a1fc9ca1c697a064f140be07792b3') in 0.002724 seconds
  Import took 0.008199 seconds .

========================================================================
Received Import Request.
  Time since last request: 0.032306 seconds.
  path: Assets/Scripts/Missiles/MissilePool.cs
  artifactKey: Guid(aee350f0723bf4d958f99d83e9f09279) Importer(815301076,1909f56bfc062723c751e8b465ee728b)
Start importing Assets/Scripts/Missiles/MissilePool.cs using Guid(aee350f0723bf4d958f99d83e9f09279) Importer(815301076,1909f56bfc062723c751e8b465ee728b)  -> (artifact id: '67bceefbfc1d0cf3a8352f458d7a30a0') in 0.002024 seconds
  Import took 0.006063 seconds .

========================================================================
Received Import Request.
  Time since last request: 0.116580 seconds.
  path: Assets/Animation/Missile.controller
  artifactKey: Guid(f048b1b5fbd3e41598348880ab6ace79) Importer(815301076,1909f56bfc062723c751e8b465ee728b)
Start importing Assets/Animation/Missile.controller using Guid(f048b1b5fbd3e41598348880ab6ace79) Importer(815301076,1909f56bfc062723c751e8b465ee728b)  -> (artifact id: 'c7d6c227833a02caf373b8753838fe95') in 0.415987 seconds
  Import took 0.420118 seconds .

========================================================================
Received Import Request.
  Time since last request: 0.007204 seconds.
  path: Assets/Scripts/Missiles/MissileControl.cs
  artifactKey: Guid(cf2f9857974db4521933eab6195c2e3a) Importer(815301076,1909f56bfc062723c751e8b465ee728b)
Start importing Assets/Scripts/Missiles/MissileControl.cs using Guid(cf2f9857974db4521933eab6195c2e3a) Importer(815301076,1909f56bfc062723c751e8b465ee728b)  -> (artifact id: '6bc47dc59d8f55c320d874c1c96349e3') in 0.002450 seconds
  Import took 0.006696 seconds .

========================================================================
Received Import Request.
  Time since last request: 0.009351 seconds.
  path: Assets/Animation
  artifactKey: Guid(ba956ae228f4b4f51b470c8d860cc8f9) Importer(815301076,1909f56bfc062723c751e8b465ee728b)
Start importing Assets/Animation using Guid(ba956ae228f4b4f51b470c8d860cc8f9) Importer(815301076,1909f56bfc062723c751e8b465ee728b)  -> (artifact id: 'e3642b2f89ae3a6e6ef782ecc80b3edd') in 0.001474 seconds
  Import took 0.005894 seconds .

========================================================================
Received Import Request.
  Time since last request: 0.006288 seconds.
  path: Assets/Scenes/SampleScene.unity
  artifactKey: Guid(2cda990e2423bbf4892e6590ba056729) Importer(815301076,1909f56bfc062723c751e8b465ee728b)
Start importing Assets/Scenes/SampleScene.unity using Guid(2cda990e2423bbf4892e6590ba056729) Importer(815301076,1909f56bfc062723c751e8b465ee728b)  -> (artifact id: '49c59a9d919e07722146a4f9ba246ffd') in 0.001786 seconds
  Import took 0.006450 seconds .

========================================================================
Received Import Request.
  Time since last request: 0.004149 seconds.
  path: Assets/Scripts/Missiles/Missile.cs
  artifactKey: Guid(d32b5dcb467094d1da6a95b49ac3d2d2) Importer(815301076,1909f56bfc062723c751e8b465ee728b)
Start importing Assets/Scripts/Missiles/Missile.cs using Guid(d32b5dcb467094d1da6a95b49ac3d2d2) Importer(815301076,1909f56bfc062723c751e8b465ee728b)  -> (artifact id: 'e5827a631d8a7197762911907af908da') in 0.002340 seconds
  Import took 0.006600 seconds .

========================================================================
Received Import Request.
  Time since last request: 0.009948 seconds.
  path: Assets/Scenes
  artifactKey: Guid(62324c2614b6640688ddc48f06f0acbd) Importer(815301076,1909f56bfc062723c751e8b465ee728b)
Start importing Assets/Scenes using Guid(62324c2614b6640688ddc48f06f0acbd) Importer(815301076,1909f56bfc062723c751e8b465ee728b)  -> (artifact id: '952d9a69575df74e3ba745c78d7e62ad') in 0.001270 seconds
  Import took 0.005136 seconds .

========================================================================
Received Import Request.
  Time since last request: 0.030185 seconds.
  path: Assets/Animation/DeathAnimation.anim
  artifactKey: Guid(6a7a8d523b0ba4c21a3711f1c7df3ad2) Importer(815301076,1909f56bfc062723c751e8b465ee728b)
Start importing Assets/Animation/DeathAnimation.anim using Guid(6a7a8d523b0ba4c21a3711f1c7df3ad2) Importer(815301076,1909f56bfc062723c751e8b465ee728b)  -> (artifact id: '7de8ead6040f34f7314879edc19b65c1') in 0.166925 seconds
  Import took 0.172677 seconds .

